{"level":"info","ts":1767081351.521652,"caller":"database/db.go:31","msg":"Successfully connected to database!"}
{"level":"info","ts":1767081351.5265868,"caller":"TeamSync/main.go:197","msg":"Server starting on port: 8080"}
{"level":"info","ts":1767081571.6848779,"caller":"database/db.go:31","msg":"Successfully connected to database!"}
{"level":"info","ts":1767081571.6876452,"caller":"TeamSync/main.go:197","msg":"Server starting on port: 8080"}
{"level":"info","ts":1767081574.1716838,"caller":"TeamSync/main.go:205","msg":"Shutting down server..."}
{"level":"info","ts":1767081574.9278967,"caller":"TeamSync/main.go:219","msg":"Server gracefully stopped"}
{"level":"info","ts":1767083856.8796728,"caller":"database/db.go:31","msg":"Successfully connected to database!"}
{"level":"info","ts":1767083856.8828957,"caller":"TeamSync/main.go:197","msg":"Server starting on port: 8080"}
{"level":"info","ts":1767091517.7742543,"caller":"database/db.go:31","msg":"Successfully connected to database!"}
{"level":"info","ts":1767091517.78174,"caller":"TeamSync/main.go:197","msg":"Server starting on port: 8080"}
{"level":"info","ts":1767091772.837713,"caller":"TeamSync/main.go:205","msg":"Shutting down server..."}
{"level":"info","ts":1767091773.400209,"caller":"TeamSync/main.go:219","msg":"Server gracefully stopped"}
{"level":"info","ts":1767147256.7400396,"caller":"database/db.go:31","msg":"Successfully connected to database!"}
{"level":"info","ts":1767147256.745189,"caller":"TeamSync/main.go:197","msg":"Server starting on port: 8080"}
{"level":"info","ts":1767148975.7969673,"caller":"TeamSync/main.go:205","msg":"Shutting down server..."}
{"level":"info","ts":1767148976.0133798,"caller":"TeamSync/main.go:219","msg":"Server gracefully stopped"}
{"level":"info","ts":1767148988.1420124,"caller":"database/db.go:31","msg":"Successfully connected to database!"}
{"level":"info","ts":1767148988.1456406,"caller":"TeamSync/main.go:197","msg":"Server starting on port: 8080"}
{"level":"info","ts":1767229292.3240168,"caller":"database/db.go:31","msg":"Successfully connected to database!"}
{"level":"info","ts":1767229292.3292937,"caller":"TeamSync/main.go:197","msg":"Server starting on port: 8080"}
{"level":"info","ts":1767231194.2642395,"caller":"database/db.go:31","msg":"Successfully connected to database!"}
{"level":"info","ts":1767231194.2688098,"caller":"TeamSync/main.go:197","msg":"Server starting on port: 8080"}
{"level":"info","ts":1767232307.4136865,"caller":"database/db.go:31","msg":"Successfully connected to database!"}
{"level":"info","ts":1767232307.4175925,"caller":"TeamSync/main.go:197","msg":"Server starting on port: 8080"}
{"level":"info","ts":1767233082.1120012,"caller":"database/db.go:31","msg":"Successfully connected to database!"}
{"level":"info","ts":1767233082.1159484,"caller":"TeamSync/main.go:197","msg":"Server starting on port: 8080"}
{"level":"fatal","ts":1767233082.1167428,"caller":"TeamSync/main.go:199","msg":"HTTP server error: listen tcp :8080: bind: address already in use","stacktrace":"main.main.func3\n\t/home/drumil/Documents/TeamSync/main.go:199"}
{"level":"info","ts":1767233093.5105536,"caller":"database/db.go:31","msg":"Successfully connected to database!"}
{"level":"info","ts":1767233093.512984,"caller":"TeamSync/main.go:197","msg":"Server starting on port: 8080"}
{"level":"fatal","ts":1767233093.5133953,"caller":"TeamSync/main.go:199","msg":"HTTP server error: listen tcp :8080: bind: address already in use","stacktrace":"main.main.func3\n\t/home/drumil/Documents/TeamSync/main.go:199"}
{"level":"info","ts":1767233165.9292874,"caller":"TeamSync/main.go:205","msg":"Shutting down server..."}
{"level":"info","ts":1767233166.993188,"caller":"TeamSync/main.go:219","msg":"Server gracefully stopped"}
{"level":"info","ts":1767233170.0483878,"caller":"database/db.go:31","msg":"Successfully connected to database!"}
{"level":"info","ts":1767233170.0510352,"caller":"TeamSync/main.go:197","msg":"Server starting on port: 8080"}
{"level":"info","ts":1767246142.286526,"caller":"database/db.go:31","msg":"Successfully connected to database!"}
{"level":"info","ts":1767246142.2914686,"caller":"TeamSync/main.go:197","msg":"Server starting on port: 8080"}
{"level":"info","ts":1767246700.1680748,"caller":"database/db.go:31","msg":"Successfully connected to database!"}
{"level":"info","ts":1767246700.170793,"caller":"TeamSync/main.go:197","msg":"Server starting on port: 8080"}
{"level":"info","ts":1767259432.9200737,"caller":"database/db.go:31","msg":"Successfully connected to database!"}
{"level":"info","ts":1767259432.923018,"caller":"TeamSync/main.go:195","msg":"Server starting on port: 8080"}
{"level":"info","ts":1767260955.9910297,"caller":"TeamSync/main.go:203","msg":"Shutting down server..."}
{"level":"info","ts":1767260956.7803795,"caller":"TeamSync/main.go:217","msg":"Server gracefully stopped"}
{"level":"info","ts":1767261012.0653274,"caller":"database/db.go:31","msg":"Successfully connected to database!"}
{"level":"info","ts":1767261012.0698721,"caller":"TeamSync/main.go:195","msg":"Server starting on port: 8080"}
{"level":"info","ts":1767261871.084885,"caller":"TeamSync/main.go:203","msg":"Shutting down server..."}
{"level":"info","ts":1767261871.815721,"caller":"TeamSync/main.go:217","msg":"Server gracefully stopped"}
{"level":"info","ts":1767261876.5737393,"caller":"database/db.go:31","msg":"Successfully connected to database!"}
{"level":"info","ts":1767261876.5765884,"caller":"TeamSync/main.go:220","msg":"Server starting on port: 8080"}
{"level":"error","ts":1767261897.7396743,"caller":"TeamSync/main.go:71","msg":"Error unmarshalling message: invalid character 'H' looking for beginning of value","stacktrace":"main.wsHandler\n\t/home/drumil/Documents/TeamSync/main.go:71\nmain.main.func2\n\t/home/drumil/Documents/TeamSync/main.go:164\nnet/http.HandlerFunc.ServeHTTP\n\t/snap/go/11017/src/net/http/server.go:2322\ngithub.com/drumilbhati/teamsync/middleware.AuthMiddleware.func1\n\t/home/drumil/Documents/TeamSync/middleware/auth.go:74\nnet/http.HandlerFunc.ServeHTTP\n\t/snap/go/11017/src/net/http/server.go:2322\ngithub.com/gorilla/mux.(*Router).ServeHTTP\n\t/home/drumil/go/pkg/mod/github.com/gorilla/mux@v1.8.1/mux.go:212\nmain.main.CORSMiddleware.func4\n\t/home/drumil/Documents/TeamSync/middleware/cors.go:20\nnet/http.HandlerFunc.ServeHTTP\n\t/snap/go/11017/src/net/http/server.go:2322\nnet/http.serverHandler.ServeHTTP\n\t/snap/go/11017/src/net/http/server.go:3340\nnet/http.(*conn).serve\n\t/snap/go/11017/src/net/http/server.go:2109"}
{"level":"error","ts":1767261899.241928,"caller":"TeamSync/main.go:71","msg":"Error unmarshalling message: invalid character 'H' looking for beginning of value","stacktrace":"main.wsHandler\n\t/home/drumil/Documents/TeamSync/main.go:71\nmain.main.func2\n\t/home/drumil/Documents/TeamSync/main.go:164\nnet/http.HandlerFunc.ServeHTTP\n\t/snap/go/11017/src/net/http/server.go:2322\ngithub.com/drumilbhati/teamsync/middleware.AuthMiddleware.func1\n\t/home/drumil/Documents/TeamSync/middleware/auth.go:74\nnet/http.HandlerFunc.ServeHTTP\n\t/snap/go/11017/src/net/http/server.go:2322\ngithub.com/gorilla/mux.(*Router).ServeHTTP\n\t/home/drumil/go/pkg/mod/github.com/gorilla/mux@v1.8.1/mux.go:212\nmain.main.CORSMiddleware.func4\n\t/home/drumil/Documents/TeamSync/middleware/cors.go:20\nnet/http.HandlerFunc.ServeHTTP\n\t/snap/go/11017/src/net/http/server.go:2322\nnet/http.serverHandler.ServeHTTP\n\t/snap/go/11017/src/net/http/server.go:3340\nnet/http.(*conn).serve\n\t/snap/go/11017/src/net/http/server.go:2109"}
{"level":"error","ts":1767261900.8567095,"caller":"TeamSync/main.go:71","msg":"Error unmarshalling message: invalid character 'H' looking for beginning of value","stacktrace":"main.wsHandler\n\t/home/drumil/Documents/TeamSync/main.go:71\nmain.main.func2\n\t/home/drumil/Documents/TeamSync/main.go:164\nnet/http.HandlerFunc.ServeHTTP\n\t/snap/go/11017/src/net/http/server.go:2322\ngithub.com/drumilbhati/teamsync/middleware.AuthMiddleware.func1\n\t/home/drumil/Documents/TeamSync/middleware/auth.go:74\nnet/http.HandlerFunc.ServeHTTP\n\t/snap/go/11017/src/net/http/server.go:2322\ngithub.com/gorilla/mux.(*Router).ServeHTTP\n\t/home/drumil/go/pkg/mod/github.com/gorilla/mux@v1.8.1/mux.go:212\nmain.main.CORSMiddleware.func4\n\t/home/drumil/Documents/TeamSync/middleware/cors.go:20\nnet/http.HandlerFunc.ServeHTTP\n\t/snap/go/11017/src/net/http/server.go:2322\nnet/http.serverHandler.ServeHTTP\n\t/snap/go/11017/src/net/http/server.go:3340\nnet/http.(*conn).serve\n\t/snap/go/11017/src/net/http/server.go:2109"}
{"level":"error","ts":1767261901.450406,"caller":"TeamSync/main.go:71","msg":"Error unmarshalling message: invalid character 'H' looking for beginning of value","stacktrace":"main.wsHandler\n\t/home/drumil/Documents/TeamSync/main.go:71\nmain.main.func2\n\t/home/drumil/Documents/TeamSync/main.go:164\nnet/http.HandlerFunc.ServeHTTP\n\t/snap/go/11017/src/net/http/server.go:2322\ngithub.com/drumilbhati/teamsync/middleware.AuthMiddleware.func1\n\t/home/drumil/Documents/TeamSync/middleware/auth.go:74\nnet/http.HandlerFunc.ServeHTTP\n\t/snap/go/11017/src/net/http/server.go:2322\ngithub.com/gorilla/mux.(*Router).ServeHTTP\n\t/home/drumil/go/pkg/mod/github.com/gorilla/mux@v1.8.1/mux.go:212\nmain.main.CORSMiddleware.func4\n\t/home/drumil/Documents/TeamSync/middleware/cors.go:20\nnet/http.HandlerFunc.ServeHTTP\n\t/snap/go/11017/src/net/http/server.go:2322\nnet/http.serverHandler.ServeHTTP\n\t/snap/go/11017/src/net/http/server.go:3340\nnet/http.(*conn).serve\n\t/snap/go/11017/src/net/http/server.go:2109"}
{"level":"error","ts":1767261901.628858,"caller":"TeamSync/main.go:71","msg":"Error unmarshalling message: invalid character 'H' looking for beginning of value","stacktrace":"main.wsHandler\n\t/home/drumil/Documents/TeamSync/main.go:71\nmain.main.func2\n\t/home/drumil/Documents/TeamSync/main.go:164\nnet/http.HandlerFunc.ServeHTTP\n\t/snap/go/11017/src/net/http/server.go:2322\ngithub.com/drumilbhati/teamsync/middleware.AuthMiddleware.func1\n\t/home/drumil/Documents/TeamSync/middleware/auth.go:74\nnet/http.HandlerFunc.ServeHTTP\n\t/snap/go/11017/src/net/http/server.go:2322\ngithub.com/gorilla/mux.(*Router).ServeHTTP\n\t/home/drumil/go/pkg/mod/github.com/gorilla/mux@v1.8.1/mux.go:212\nmain.main.CORSMiddleware.func4\n\t/home/drumil/Documents/TeamSync/middleware/cors.go:20\nnet/http.HandlerFunc.ServeHTTP\n\t/snap/go/11017/src/net/http/server.go:2322\nnet/http.serverHandler.ServeHTTP\n\t/snap/go/11017/src/net/http/server.go:3340\nnet/http.(*conn).serve\n\t/snap/go/11017/src/net/http/server.go:2109"}
{"level":"info","ts":1767262141.3052564,"caller":"TeamSync/main.go:228","msg":"Shutting down server..."}
{"level":"info","ts":1767262142.1461895,"caller":"TeamSync/main.go:242","msg":"Server gracefully stopped"}
{"level":"info","ts":1767315750.554249,"caller":"database/db.go:31","msg":"Successfully connected to database!"}
{"level":"info","ts":1767315750.55843,"caller":"TeamSync/main.go:220","msg":"Server starting on port: 8080"}
{"level":"info","ts":1767330073.6453974,"caller":"database/db.go:31","msg":"Successfully connected to database!"}
{"level":"info","ts":1767330073.649522,"caller":"TeamSync/main.go:220","msg":"Server starting on port: 8080"}
